running egg_info
creating ../build/maze_trial/maze_trial.egg-info
writing ../build/maze_trial/maze_trial.egg-info/PKG-INFO
writing dependency_links to ../build/maze_trial/maze_trial.egg-info/dependency_links.txt
writing entry points to ../build/maze_trial/maze_trial.egg-info/entry_points.txt
writing requirements to ../build/maze_trial/maze_trial.egg-info/requires.txt
writing top-level names to ../build/maze_trial/maze_trial.egg-info/top_level.txt
writing manifest file '../build/maze_trial/maze_trial.egg-info/SOURCES.txt'
reading manifest file '../build/maze_trial/maze_trial.egg-info/SOURCES.txt'
writing manifest file '../build/maze_trial/maze_trial.egg-info/SOURCES.txt'
running build
running build_py
creating /trial/src/build/maze_trial/build
creating /trial/src/build/maze_trial/build/lib
creating /trial/src/build/maze_trial/build/lib/maze_trial
copying maze_trial/__init__.py -> /trial/src/build/maze_trial/build/lib/maze_trial
running install
running install_lib
creating /trial/src/install/maze_trial/lib/python3.10/site-packages/maze_trial
copying /trial/src/build/maze_trial/build/lib/maze_trial/__init__.py -> /trial/src/install/maze_trial/lib/python3.10/site-packages/maze_trial
byte-compiling /trial/src/install/maze_trial/lib/python3.10/site-packages/maze_trial/__init__.py to __init__.cpython-310.pyc
running install_data
creating /trial/src/install/maze_trial/share/ament_index
creating /trial/src/install/maze_trial/share/ament_index/resource_index
creating /trial/src/install/maze_trial/share/ament_index/resource_index/packages
copying resource/maze_trial -> /trial/src/install/maze_trial/share/ament_index/resource_index/packages
copying package.xml -> /trial/src/install/maze_trial/share/maze_trial
running install_egg_info
Copying ../build/maze_trial/maze_trial.egg-info to /trial/src/install/maze_trial/lib/python3.10/site-packages/maze_trial-0.0.0-py3.10.egg-info
running install_scripts
writing list of installed files to '/trial/src/build/maze_trial/install.log'
